[08:48:20] [main/INFO]: Loading Minecraft 1.21.8 with Fabric Loader 0.16.14
[08:48:21] [main/INFO]: Loading 5 mods:
	- carpet 1.4.177+v250630
	- fabricloader 0.16.14
	   \-- mixinextras 0.4.1
	- java 21
	- minecraft 1.21.8
[08:48:21] [main/INFO]: SpongePowered MIXIN Subsystem Version=0.8.7 Source=file:/workspaces/minecraft/servidor_minecraft/libraries/net/fabricmc/sponge-mixin/0.15.5+mixin.0.8.7/sponge-mixin-0.15.5+mixin.0.8.7.jar Service=Knot/Fabric Env=SERVER
[08:48:21] [main/INFO]: Compatibility level set to JAVA_17
[08:48:23] [main/INFO]: Initializing MixinExtras via com.llamalad7.mixinextras.service.MixinExtrasServiceImpl(version=0.4.1).
[08:48:35] [main/INFO]: Environment: Environment[sessionHost=https://sessionserver.mojang.com, servicesHost=https://api.minecraftservices.com, name=PROD]
[08:48:39] [main/INFO]: Loaded 1407 recipes
[08:48:39] [main/INFO]: Loaded 1520 advancements
[08:48:40] [Server thread/INFO]: Starting minecraft server version 1.21.8
[08:48:40] [Server thread/INFO]: Loading properties
[08:48:40] [Server thread/INFO]: Default game type: SURVIVAL
[08:48:40] [Server thread/INFO]: Generating keypair
[08:48:40] [Server thread/INFO]: Starting Minecraft server on *:25565
[08:48:40] [Server thread/INFO]: Using epoll channel type
[08:48:40] [Server thread/WARN]: **** SERVER IS RUNNING IN OFFLINE/INSECURE MODE!
[08:48:40] [Server thread/WARN]: The server will make no attempt to authenticate usernames. Beware.
[08:48:40] [Server thread/WARN]: While this makes the game possible to play without internet access, it also opens up the ability for hackers to connect with any username they choose.
[08:48:40] [Server thread/WARN]: To change this, set "online-mode" to "true" in the server.properties file.
[08:48:40] [Server thread/INFO]: Preparing level "world"
[08:48:41] [Server thread/INFO]: Preparing start region for dimension minecraft:overworld
[08:48:51] [Worker-Main-1/INFO]: Preparing spawn area: 0%
[08:48:51] [Worker-Main-1/INFO]: Preparing spawn area: 0%
[08:48:51] [Worker-Main-1/INFO]: Preparing spawn area: 0%
[08:48:51] [Worker-Main-1/INFO]: Preparing spawn area: 0%
[08:48:51] [Worker-Main-1/INFO]: Preparing spawn area: 0%
[08:48:51] [Worker-Main-1/INFO]: Preparing spawn area: 0%
[08:48:51] [Worker-Main-1/INFO]: Preparing spawn area: 0%
[08:48:51] [Worker-Main-1/INFO]: Preparing spawn area: 0%
[08:48:51] [Worker-Main-1/INFO]: Preparing spawn area: 0%
[08:48:51] [Worker-Main-1/INFO]: Preparing spawn area: 0%
[08:48:51] [Worker-Main-1/INFO]: Preparing spawn area: 0%
[08:48:51] [Worker-Main-1/INFO]: Preparing spawn area: 0%
[08:48:51] [Worker-Main-1/INFO]: Preparing spawn area: 0%
[08:48:51] [Worker-Main-1/INFO]: Preparing spawn area: 0%
[08:48:51] [Worker-Main-1/INFO]: Preparing spawn area: 0%
[08:48:51] [Worker-Main-1/INFO]: Preparing spawn area: 0%
[08:48:51] [Worker-Main-1/INFO]: Preparing spawn area: 0%
[08:48:51] [Worker-Main-1/INFO]: Preparing spawn area: 0%
[08:48:51] [Worker-Main-1/INFO]: Preparing spawn area: 0%
[08:48:51] [Worker-Main-1/INFO]: Preparing spawn area: 0%
[08:48:51] [Worker-Main-1/INFO]: Preparing spawn area: 32%
[08:48:52] [Worker-Main-1/INFO]: Preparing spawn area: 91%
[08:48:52] [Server thread/INFO]: Time elapsed: 10655 ms
[08:48:52] [Server thread/INFO]: Done (11.388s)! For help, type "help"
